2021-04-14 16:18:30,559 INFO: Microblog startup [in /home/dholland/dev/microblog/app/__init__.py:52]
2021-04-14 20:32:06,146 INFO: Microblog startup [in /home/dholland/dev/microblog/app/__init__.py:52]
2021-04-14 20:32:25,535 INFO: Microblog startup [in /home/dholland/dev/microblog/app/__init__.py:52]
2021-04-14 20:32:51,701 INFO: Microblog startup [in /home/dholland/dev/microblog/app/__init__.py:52]
2021-04-14 20:33:50,009 INFO: Microblog startup [in /home/dholland/dev/microblog/app/__init__.py:52]
2021-04-14 20:35:37,480 INFO: Microblog startup [in /home/dholland/dev/microblog/app/__init__.py:52]
2021-04-14 20:35:53,951 INFO: Microblog startup [in /home/dholland/dev/microblog/app/__init__.py:52]
2021-04-14 23:35:25,376 INFO: Microblog startup [in /home/dholland/dev/microblog/app/__init__.py:52]
2021-04-14 23:38:08,644 INFO: Microblog startup [in /home/dholland/dev/microblog/app/__init__.py:52]
2021-04-14 23:38:49,790 INFO: Microblog startup [in /home/dholland/dev/microblog/app/__init__.py:52]
2021-04-14 23:38:58,361 INFO: Microblog startup [in /home/dholland/dev/microblog/app/__init__.py:52]
2021-04-14 23:44:13,137 INFO: Microblog startup [in /home/dholland/dev/microblog/app/__init__.py:52]
2021-04-14 23:50:54,840 INFO: Microblog startup [in /home/dholland/dev/microblog/app/__init__.py:52]
2021-04-14 23:52:11,945 INFO: Microblog startup [in /home/dholland/dev/microblog/app/__init__.py:52]
2021-04-14 23:58:16,101 INFO: Microblog startup [in /home/dholland/dev/microblog/app/__init__.py:52]
2021-04-14 23:58:25,060 INFO: Microblog startup [in /home/dholland/dev/microblog/app/__init__.py:52]
2021-04-15 00:00:45,436 INFO: Microblog startup [in /home/dholland/dev/microblog/app/__init__.py:52]
2021-04-15 00:01:26,586 INFO: Microblog startup [in /home/dholland/dev/microblog/app/__init__.py:52]
2021-04-15 00:03:36,199 INFO: Microblog startup [in /home/dholland/dev/microblog/app/__init__.py:52]
2021-04-15 00:22:48,420 INFO: Microblog startup [in /home/dholland/dev/microblog/app/__init__.py:52]
2021-04-15 00:23:16,515 INFO: Microblog startup [in /home/dholland/dev/microblog/app/__init__.py:52]
2021-04-15 00:23:35,499 INFO: Microblog startup [in /home/dholland/dev/microblog/app/__init__.py:52]
2021-04-15 00:23:53,163 ERROR: Exception on /user/john [GET] [in /home/dholland/dev/microblog/venv/lib64/python3.6/site-packages/flask/app.py:1892]
Traceback (most recent call last):
  File "/home/dholland/dev/microblog/venv/lib64/python3.6/site-packages/flask/app.py", line 2447, in wsgi_app
    response = self.full_dispatch_request()
  File "/home/dholland/dev/microblog/venv/lib64/python3.6/site-packages/flask/app.py", line 1952, in full_dispatch_request
    rv = self.handle_user_exception(e)
  File "/home/dholland/dev/microblog/venv/lib64/python3.6/site-packages/flask/app.py", line 1821, in handle_user_exception
    reraise(exc_type, exc_value, tb)
  File "/home/dholland/dev/microblog/venv/lib64/python3.6/site-packages/flask/_compat.py", line 39, in reraise
    raise value
  File "/home/dholland/dev/microblog/venv/lib64/python3.6/site-packages/flask/app.py", line 1950, in full_dispatch_request
    rv = self.dispatch_request()
  File "/home/dholland/dev/microblog/venv/lib64/python3.6/site-packages/flask/app.py", line 1936, in dispatch_request
    return self.view_functions[rule.endpoint](**req.view_args)
  File "/home/dholland/dev/microblog/venv/lib64/python3.6/site-packages/flask_login/utils.py", line 272, in decorated_view
    return func(*args, **kwargs)
  File "/home/dholland/dev/microblog/app/routes.py", line 93, in user
    form = EmptyForm()
NameError: name 'EmptyForm' is not defined
2021-04-15 00:24:25,638 INFO: Microblog startup [in /home/dholland/dev/microblog/app/__init__.py:52]
